09:44:03.981 [debug] Child {XPLoggerFileBackend, :general_log} of Supervisor Logger.Backends.Supervisor started
Pid: #PID<0.102.0>
Start Call: Logger.Backends.Watcher.start_link({{XPLoggerFileBackend, :general_log}, {XPLoggerFileBackend, :general_log}})
Restart: :transient
Shutdown: 5000
Type: :worker
09:44:03.981 [info] Child Logger.Backends.Supervisor of Supervisor Logger.Backends.Internal started
Pid: #PID<0.101.0>
Start Call: Logger.Backends.Supervisor.start_link([{XPLoggerFileBackend, :general_log}])
Restart: :permanent
Shutdown: :infinity
Type: :supervisor
09:44:03.981 [info] Child Logger.Backends.Internal of Supervisor Logger.Supervisor started
Pid: #PID<0.97.0>
Start Call: Logger.Backends.Internal.start_link([])
Restart: :permanent
Shutdown: :infinity
Type: :supervisor
09:44:03.981 [info] Application logger started at :nonode@nohost
09:44:03.981 [info] Application xp_mime started at :nonode@nohost
09:44:03.981 [info] Application xp_hpax started at :nonode@nohost
09:44:03.981 [info] Application crypto started at :nonode@nohost
09:44:03.981 [info] Application asn1 started at :nonode@nohost
09:44:03.981 [info] Application public_key started at :nonode@nohost
09:44:03.984 [debug] Child :ssl_handler of Supervisor :logger_sup started
Pid: #PID<0.107.0>
Start Call: :logger_olp.start_link(:logger_std_h_ssl_handler, :logger_h_common, %{id: :ssl_handler, module: :logger_std_h, config: %{type: :standard_io, filesync_repeat_interval: :no_repeat}, level: :debug, filter_default: :stop, filters: [], formatter: {:ssl_logger, %{}}}, %{})
Restart: :temporary
Shutdown: 2000
Type: :worker
09:44:03.988 [info] Child :ssl_pem_cache of Supervisor :ssl_admin_sup started
Pid: #PID<0.111.0>
Start Call: :ssl_pem_cache.start_link([])
Restart: :permanent
Shutdown: 4000
Type: :worker
09:44:03.990 [info] Child :ssl_manager of Supervisor :ssl_admin_sup started
Pid: #PID<0.112.0>
Start Call: :ssl_manager.start_link([])
Restart: :permanent
Shutdown: 4000
Type: :worker
09:44:03.991 [info] Child :tls_client_ticket_store of Supervisor :ssl_admin_sup started
Pid: #PID<0.113.0>
Start Call: :tls_client_ticket_store.start_link(1000, 7200)
Restart: :permanent
Shutdown: 4000
Type: :worker
09:44:03.991 [info] Child :ssl_admin_sup of Supervisor :ssl_sup started
Pid: #PID<0.110.0>
Start Call: :ssl_admin_sup.start_link()
Restart: :permanent
Shutdown: 4000
Type: :supervisor
09:44:03.993 [info] Child :tls_connection_sup of Supervisor :tls_sup started
Pid: #PID<0.116.0>
Start Call: :tls_connection_sup.start_link()
Restart: :permanent
Shutdown: 4000
Type: :supervisor
09:44:03.993 [info] Child :ssl_listen_tracker_sup of Supervisor :tls_server_sup started
Pid: #PID<0.118.0>
Start Call: :ssl_listen_tracker_sup.start_link()
Restart: :permanent
Shutdown: 4000
Type: :supervisor
09:44:03.994 [info] Child :tls_server_session_ticket of Supervisor :tls_server_sup started
Pid: #PID<0.119.0>
Start Call: :tls_server_session_ticket_sup.start_link()
Restart: :permanent
Shutdown: 4000
Type: :supervisor
09:44:03.994 [info] Child :ssl_server_session_cache_sup of Supervisor :tls_server_sup started
Pid: #PID<0.120.0>
Start Call: :ssl_server_session_cache_sup.start_link()
Restart: :permanent
Shutdown: 4000
Type: :supervisor
09:44:03.994 [info] Child :ssl_upgrade_server_session_cache_sup of Supervisor :tls_server_sup started
Pid: #PID<0.121.0>
Start Call: :ssl_upgrade_server_session_cache_sup.start_link()
Restart: :permanent
Shutdown: 4000
Type: :supervisor
09:44:03.994 [info] Child :tls_server_sup of Supervisor :tls_sup started
Pid: #PID<0.117.0>
Start Call: :tls_server_sup.start_link()
Restart: :permanent
Shutdown: 4000
Type: :supervisor
09:44:03.994 [info] Child :tls_sup of Supervisor :ssl_connection_sup started
Pid: #PID<0.115.0>
Start Call: :tls_sup.start_link()
Restart: :permanent
Shutdown: 4000
Type: :supervisor
09:44:03.995 [info] Child :dtls_connection_sup of Supervisor :dtls_sup started
Pid: #PID<0.123.0>
Start Call: :dtls_connection_sup.start_link()
Restart: :permanent
Shutdown: 4000
Type: :supervisor
09:44:03.995 [info] Child :dtls_listener_sup of Supervisor :dtls_server_sup started
Pid: #PID<0.125.0>
Start Call: :dtls_listener_sup.start_link()
Restart: :permanent
Shutdown: 4000
Type: :supervisor
09:44:03.996 [info] Child :dtls_server_session_cache_sup of Supervisor :dtls_server_sup started
Pid: #PID<0.126.0>
Start Call: :dtls_server_session_cache_sup.start_link()
Restart: :permanent
Shutdown: 4000
Type: :supervisor
09:44:03.996 [info] Child :dtls_server_sup of Supervisor :dtls_sup started
Pid: #PID<0.124.0>
Start Call: :dtls_server_sup.start_link()
Restart: :permanent
Shutdown: 4000
Type: :supervisor
09:44:03.996 [info] Child :dtls_sup of Supervisor :ssl_connection_sup started
Pid: #PID<0.122.0>
Start Call: :dtls_sup.start_link()
Restart: :permanent
Shutdown: 4000
Type: :supervisor
09:44:03.996 [info] Child :ssl_connection_sup of Supervisor :ssl_sup started
Pid: #PID<0.114.0>
Start Call: :ssl_connection_sup.start_link()
Restart: :permanent
Shutdown: 4000
Type: :supervisor
09:44:03.996 [info] Application ssl started at :nonode@nohost
09:44:03.996 [info] Application xp_mint started at :nonode@nohost
09:44:03.996 [info] Application xp_nimble_options started at :nonode@nohost
09:44:03.997 [info] Child XPNimblePool.TaskSupervisor of Supervisor #PID<0.132.0> (Supervisor.Default) started
Pid: #PID<0.133.0>
Start Call: Task.Supervisor.start_link([name: XPNimblePool.TaskSupervisor])
Restart: :permanent
Shutdown: :infinity
Type: :supervisor
09:44:03.997 [info] Application xp_nimble_pool started at :nonode@nohost
09:44:03.998 [info] Child :telemetry_handler_table of Supervisor :telemetry_sup started
Pid: #PID<0.137.0>
Start Call: :telemetry_handler_table.start_link()
Restart: :permanent
Shutdown: 5000
Type: :worker
09:44:03.998 [info] Application xp_telemetry started at :nonode@nohost
09:44:03.998 [info] Application xp_finch started at :nonode@nohost
09:44:04.009 [info] Child XPReq.Finch.PIDPartition0 of Supervisor XPReq.Finch started
Pid: #PID<0.143.0>
Start Call: Registry.Partition.start_link(XPReq.Finch.PIDPartition0, {:duplicate, XPReq.Finch, 0, 1, XPReq.Finch.KeyPartition0, XPReq.Finch.PIDPartition0, [], false})
Restart: :permanent
Shutdown: 5000
Type: :worker
09:44:04.009 [info] Child XPReq.Finch of Supervisor XPReq.Finch.Supervisor started
Pid: #PID<0.142.0>
Start Call: Registry.start_link([keys: :duplicate, name: XPReq.Finch, meta: [config: %{pools: %{}, registry_name: XPReq.Finch, supervisor_name: XPReq.Finch.PoolSupervisor, manager_name: XPReq.Finch.PoolManager, default_pool_config: %{count: 1, size: 50, mod: XPFinch.HTTP1.Pool, conn_opts: [protocols: [:http1], transport_opts: [keepalive: true, nodelay: true, timeout: 5000], ssl_key_log_file_device: nil], pool_max_idle_time: :infinity, conn_max_idle_time: :infinity, start_pool_metrics?: false}}]])
Restart: :permanent
Shutdown: :infinity
Type: :supervisor
09:44:04.009 [info] Child XPReq.Finch.PoolSupervisor of Supervisor XPReq.Finch.Supervisor started
Pid: #PID<0.144.0>
Start Call: DynamicSupervisor.start_link([name: XPReq.Finch.PoolSupervisor, strategy: :one_for_one])
Restart: :permanent
Shutdown: :infinity
Type: :supervisor
09:44:04.009 [info] Child XPFinch.PoolManager of Supervisor XPReq.Finch.Supervisor started
Pid: #PID<0.145.0>
Start Call: XPFinch.PoolManager.start_link(%{pools: %{}, registry_name: XPReq.Finch, supervisor_name: XPReq.Finch.PoolSupervisor, manager_name: XPReq.Finch.PoolManager, default_pool_config: %{count: 1, size: 50, mod: XPFinch.HTTP1.Pool, conn_opts: [protocols: [:http1], transport_opts: [keepalive: true, nodelay: true, timeout: 5000], ssl_key_log_file_device: nil], pool_max_idle_time: :infinity, conn_max_idle_time: :infinity, start_pool_metrics?: false}})
Restart: :permanent
Shutdown: 5000
Type: :worker
09:44:04.010 [info] Child XPReq.Finch of Supervisor #PID<0.140.0> (Supervisor.Default) started
Pid: #PID<0.141.0>
Start Call: XPFinch.start_link([name: XPReq.Finch, pools: %{default: [protocols: [:http1]]}])
Restart: :permanent
Shutdown: 5000
Type: :worker
09:44:04.010 [info] Child XPReq.FinchSupervisor of Supervisor #PID<0.140.0> (Supervisor.Default) started
Pid: #PID<0.146.0>
Start Call: DynamicSupervisor.start_link([strategy: :one_for_one, name: XPReq.FinchSupervisor])
Restart: :permanent
Shutdown: :infinity
Type: :supervisor
09:44:04.010 [info] Child XPReq.Test.Ownership of Supervisor #PID<0.140.0> (Supervisor.Default) started
Pid: #PID<0.147.0>
Start Call: XPReq.Test.Ownership.start_link([name: XPReq.Test.Ownership])
Restart: :permanent
Shutdown: 5000
Type: :worker
09:44:04.010 [info] Application xp_req started at :nonode@nohost
09:44:04.010 [info] Application burrito started at :nonode@nohost
09:44:04.012 [info] Child XPBriefly.Entry of Supervisor XPBriefly.Supervisor started
Pid: #PID<0.151.0>
Start Call: XPBriefly.Entry.start_link([])
Restart: :permanent
Shutdown: 5000
Type: :worker
09:44:04.012 [info] Application xp_briefly started at :nonode@nohost
09:44:04.012 [info] Application xp_schematic started at :nonode@nohost
09:44:04.012 [info] Application xp_typed_struct started at :nonode@nohost
09:44:04.012 [info] Application xp_gen_lsp started at :nonode@nohost
09:44:04.017 [info] Child XPSnowflake.Generator of Supervisor #PID<0.154.0> (Supervisor.Default) started
Pid: #PID<0.155.0>
Start Call: XPSnowflake.Generator.start_link(0, 1023)
Restart: :permanent
Shutdown: 5000
Type: :worker
09:44:04.017 [info] Application xp_snowflake started at :nonode@nohost
09:44:04.017 [info] Application xp_sourceror started at :nonode@nohost
09:44:04.017 [info] Application xp_spitfire started at :nonode@nohost
09:44:04.017 [info] Application xp_forge started at :nonode@nohost
09:44:04.017 [info] Application xp_logger_file_backend started at :nonode@nohost
09:44:04.019 [info] Child :ttb_autostart of Supervisor :runtime_tools_sup started
Pid: #PID<0.159.0>
Start Call: :ttb_autostart.start_link()
Restart: :temporary
Shutdown: 3000
Type: :worker
09:44:04.019 [info] Application runtime_tools started at :nonode@nohost
09:44:04.019 [info] Application et started at :nonode@nohost
09:44:04.019 [info] Application observer started at :nonode@nohost
09:44:04.019 [info] Application xp_path_glob started at :nonode@nohost
09:44:04.021 [error] Process #PID<0.160.0> terminating
** (exit) {:bad_return, {{XPExpert.Application, :start, [:normal, []]}, {:EXIT, {{:case_clause, []}, [{XPExpert.Application, :start, 2, [file: ~c"lib/expert/application.ex", line: 18]}, {:application_master, :start_it_old, 4, [file: ~c"application_master.erl", line: 295]}]}}}}
    (kernel 10.2.7.1) application_master.erl:143: :application_master.init/3
    (stdlib 6.2.2.1) proc_lib.erl:329: :proc_lib.init_p_do_apply/3
Initial Call: :application_master.init/3
Ancestors: [:application_controller, #PID<0.10.0>]
Message Queue Length: 1
Messages: [{:EXIT, #PID<0.161.0>, :normal}]
Links: [#PID<0.45.0>]
Dictionary: []
Trapping Exits: true
Status: :running
Heap Size: 376
Stack Size: 29
Reductions: 89
09:44:04.021 [info] Application xp_expert exited: exited in: XPExpert.Application.start(:normal, [])
    ** (EXIT) an exception was raised:
        ** (CaseClauseError) no case clause matching: []
            (xp_expert 0.1.0-d91f6af) lib/expert/application.ex:18: XPExpert.Application.start/2
            (kernel 10.2.7.1) application_master.erl:295: :application_master.start_it_old/4
